<?xml version="1.0" encoding="UTF-8" ?>
<testsuite tests="50" failures="0" name="TestSuite" time="1.973" errors="0" skipped="0">
  <properties>
    <property name="idea.version" value="2020.3.2"/>
    <property name="java.runtime.name" value="OpenJDK Runtime Environment"/>
    <property name="sun.boot.library.path" value="C:\Users\brand\.jdks\corretto-1.8.0_282\jre\bin"/>
    <property name="java.vm.version" value="25.282-b08"/>
    <property name="java.vm.vendor" value="Amazon.com Inc."/>
    <property name="maven.multiModuleProjectDirectory" value="C:\Users\brand\Documents\GitHub\CEN4072\SWT-AirlineProduct"/>
    <property name="java.vendor.url" value="https://aws.amazon.com/corretto/"/>
    <property name="path.separator" value=";"/>
    <property name="guice.disable.misplaced.annotation.check" value="true"/>
    <property name="java.vm.name" value="OpenJDK 64-Bit Server VM"/>
    <property name="file.encoding.pkg" value="sun.io"/>
    <property name="user.script" value=""/>
    <property name="user.country" value="US"/>
    <property name="sun.java.launcher" value="SUN_STANDARD"/>
    <property name="sun.os.patch.level" value=""/>
    <property name="java.vm.specification.name" value="Java Virtual Machine Specification"/>
    <property name="user.dir" value="C:\Users\brand\Documents\GitHub\CEN4072\SWT-AirlineProduct"/>
    <property name="intellij.debug.agent" value="true"/>
    <property name="java.runtime.version" value="1.8.0_282-b08"/>
    <property name="java.awt.graphicsenv" value="sun.awt.Win32GraphicsEnvironment"/>
    <property name="java.endorsed.dirs" value="C:\Users\brand\.jdks\corretto-1.8.0_282\jre\lib\endorsed"/>
    <property name="os.arch" value="amd64"/>
    <property name="java.io.tmpdir" value="C:\Users\brand\AppData\Local\Temp\"/>
    <property name="line.separator" value="
"/>
    <property name="java.vm.specification.vendor" value="Oracle Corporation"/>
    <property name="user.variant" value=""/>
    <property name="os.name" value="Windows 10"/>
    <property name="maven.ext.class.path" value="C:\Program Files\JetBrains\IntelliJ IDEA Community Edition 2020.3.2\plugins\maven\lib\maven-event-listener.jar"/>
    <property name="classworlds.conf" value="C:\Program Files\JetBrains\IntelliJ IDEA Community Edition 2020.3.2\plugins\maven\lib\maven3\bin\m2.conf"/>
    <property name="sun.jnu.encoding" value="Cp1252"/>
    <property name="java.library.path" value="C:\Users\brand\.jdks\corretto-1.8.0_282\bin;C:\WINDOWS\Sun\Java\bin;C:\WINDOWS\system32;C:\WINDOWS;C:\Program Files (x86)\Common Files\Oracle\Java\javapath;C:\Program Files\Oculus\Support\oculus-runtime;C:\Windows\system32;C:\Windows;C:\Windows\System32\Wbem;C:\Windows\System32\WindowsPowerShell\v1.0\;C:\Windows\System32\OpenSSH\;C:\Program Files\NVIDIA Corporation\NVIDIA NvDLISR;C:\Program Files (x86)\NVIDIA Corporation\PhysX\Common;C:\Program Files\Dart\dart-sdk\bin;C:\Program Files (x86)\Windows Kits\10\Windows Performance Toolkit\;C:\Program Files (x86)\Brackets\command;C:\WINDOWS\system32;C:\WINDOWS;C:\WINDOWS\System32\Wbem;C:\WINDOWS\System32\WindowsPowerShell\v1.0\;C:\WINDOWS\System32\OpenSSH\;C:\Program Files\Git\cmd;C:\apache-maven-3.6.3-bin\apache-maven-3.6.3\bin;C:\Program Files\MySQL\MySQL Shell 8.0\bin\;C:\Users\brand\AppData\Local\Microsoft\WindowsApps;C:\Users\brand\AppData\Local\Programs\Microsoft VS Code\bin;C:\src\flutter\bin;C:\Users\brand\AppData\Local\GitHubDesktop\bin;C:\Windows\System32;;C:\Users\brand\AppData\Local\Microsoft\WindowsApps;."/>
    <property name="jboss.modules.system.pkgs" value="com.intellij.rt"/>
    <property name="maven.conf" value="C:\Program Files\JetBrains\IntelliJ IDEA Community Edition 2020.3.2\plugins\maven\lib\maven3/conf"/>
    <property name="java.specification.name" value="Java Platform API Specification"/>
    <property name="java.class.version" value="52.0"/>
    <property name="sun.management.compiler" value="HotSpot 64-Bit Tiered Compilers"/>
    <property name="os.version" value="10.0"/>
    <property name="user.home" value="C:\Users\brand"/>
    <property name="user.timezone" value="America/New_York"/>
    <property name="java.awt.printerjob" value="sun.awt.windows.WPrinterJob"/>
    <property name="java.specification.version" value="1.8"/>
    <property name="file.encoding" value="UTF-8"/>
    <property name="user.name" value="brand"/>
    <property name="java.class.path" value="C:\Program Files\JetBrains\IntelliJ IDEA Community Edition 2020.3.2\plugins\maven\lib\maven3\boot\plexus-classworlds-2.6.0.jar;C:\Program Files\JetBrains\IntelliJ IDEA Community Edition 2020.3.2\plugins\maven\lib\maven3\boot\plexus-classworlds.license;C:\Program Files\JetBrains\IntelliJ IDEA Community Edition 2020.3.2\lib\idea_rt.jar;C:\Users\brand\AppData\Local\JetBrains\IdeaIC2020.3\captureAgent\debugger-agent.jar"/>
    <property name="java.vm.specification.version" value="1.8"/>
    <property name="sun.arch.data.model" value="64"/>
    <property name="java.home" value="C:\Users\brand\.jdks\corretto-1.8.0_282\jre"/>
    <property name="sun.java.command" value="org.codehaus.classworlds.Launcher -Didea.version=2020.3.2 install"/>
    <property name="java.specification.vendor" value="Oracle Corporation"/>
    <property name="user.language" value="en"/>
    <property name="awt.toolkit" value="sun.awt.windows.WToolkit"/>
    <property name="java.vm.info" value="mixed mode"/>
    <property name="java.version" value="1.8.0_282"/>
    <property name="java.ext.dirs" value="C:\Users\brand\.jdks\corretto-1.8.0_282\jre\lib\ext;C:\WINDOWS\Sun\Java\lib\ext"/>
    <property name="sun.boot.class.path" value="C:\Users\brand\.jdks\corretto-1.8.0_282\jre\lib\resources.jar;C:\Users\brand\.jdks\corretto-1.8.0_282\jre\lib\rt.jar;C:\Users\brand\.jdks\corretto-1.8.0_282\jre\lib\sunrsasign.jar;C:\Users\brand\.jdks\corretto-1.8.0_282\jre\lib\jsse.jar;C:\Users\brand\.jdks\corretto-1.8.0_282\jre\lib\jce.jar;C:\Users\brand\.jdks\corretto-1.8.0_282\jre\lib\charsets.jar;C:\Users\brand\.jdks\corretto-1.8.0_282\jre\lib\jfr.jar;C:\Users\brand\.jdks\corretto-1.8.0_282\jre\classes"/>
    <property name="java.vendor" value="Amazon.com Inc."/>
    <property name="maven.home" value="C:\Program Files\JetBrains\IntelliJ IDEA Community Edition 2020.3.2\plugins\maven\lib\maven3"/>
    <property name="file.separator" value="\"/>
    <property name="java.vendor.url.bug" value="https://github.com/corretto/corretto-8/issues/"/>
    <property name="sun.cpu.endian" value="little"/>
    <property name="sun.io.unicode.encoding" value="UnicodeLittle"/>
    <property name="sun.desktop" value="windows"/>
    <property name="sun.cpu.isalist" value="amd64"/>
  </properties>
  <testcase classname="AddressTest" name="Address country, empty (Invalid))" time="0.009"/>
  <testcase classname="AddressTest" name="Address, no numbers (Invalid)" time="0"/>
  <testcase classname="AddressTest" name="Address state, empty (Invalid))" time="0"/>
  <testcase classname="AddressTest" name="Address city, empty (Invalid))" time="0"/>
  <testcase classname="AddressTest" name="Address, toString()" time="0"/>
  <testcase classname="AddressTest" name="Address zipCode, empty (Invalid))" time="0"/>
  <testcase classname="AddressTest" name="Address, valid" time="0.001"/>
  <testcase classname="AddTicketTest" name="Valid seats" time="0.185"/>
  <testcase classname="AddTicketTest" name="Invalid seats, 0" time="0.001"/>
  <testcase classname="AddTicketTest" name="Invalid seats, too many" time="0.001"/>
  <testcase classname="CustomerTest" name="Last name, invalid numerical" time="0.003"/>
  <testcase classname="CustomerTest" name="First name, valid with dash and apostrophe" time="0.002"/>
  <testcase classname="CustomerTest" name="Passport, valid" time="0.002"/>
  <testcase classname="CustomerTest" name="Last name, valid" time="0.003"/>
  <testcase classname="CustomerTest" name="Last name, valid" time="0.002"/>
  <testcase classname="CustomerTest" name="NIC, invalid (Non-alphanumeric characters)" time="0.002"/>
  <testcase classname="CustomerTest" name="Last name, invalid (Numbers in name)" time="0.002"/>
  <testcase classname="CustomerTest" name="First name, valid" time="0.003"/>
  <testcase classname="CustomerTest" name="Last name, valid" time="0.003"/>
  <testcase classname="CustomerTest" name="Passport, invalid (Non-alphanumeric characters)" time="0.003"/>
  <testcase classname="CustomerTest" name="First name, valid with dash" time="0.002"/>
  <testcase classname="CustomerTest" name="Phone number, numerical input under 14 characters" time="0.002"/>
  <testcase classname="CustomerTest" name="Gender, valid (Female)" time="0.002"/>
  <testcase classname="CustomerTest" name="NIC, valid" time="0.002"/>
  <testcase classname="CustomerTest" name="Last name, valid" time="0.008"/>
  <testcase classname="CustomerTest" name="First name, invalid (Numbers in name)" time="0.003"/>
  <testcase classname="CustomerTest" name="Date of birth, invalid (Illegal format)" time="0.003"/>
  <testcase classname="CustomerTest" name="Address, invalid" time="0.002"/>
  <testcase classname="CustomerTest" name="Address, valid" time="0.002"/>
  <testcase classname="CustomerTest" name="First name, valid with apostrophe" time="0.002"/>
  <testcase classname="CustomerTest" name="Phone number, numerical input over 14 characters" time="0.002"/>
  <testcase classname="CustomerTest" name="First name, invalid (Numbers in name)" time="0.002"/>
  <testcase classname="CustomerTest" name="Date of birth, valid" time="0.002"/>
  <testcase classname="CustomerTest" name="Phone number, numerical input under 7 characters" time="0.002"/>
  <testcase classname="CustomerTest" name="First name, invalid (Symbols in name)" time="0.002"/>
  <testcase classname="CustomerTest" name="Gender, invalid (Not Male or Female)" time="0.002"/>
  <testcase classname="CustomerTest" name="Gender, valid (Male)" time="0.002"/>
  <testcase classname="FlightTest" name="Id, invalid (Not enough digits)" time="0.006"/>
  <testcase classname="FlightTest" name="Id, invalid (Too many digits)" time="0"/>
  <testcase classname="FlightTest" name="Id, invalid (Improper prefix)" time="0"/>
  <testcase classname="FlightTest" name="Id, valid" time="0.001"/>
  <testcase classname="addCustomerTest" name="Just run - testing coverage" time="0.263"/>
  <testcase classname="addFlightTest" name="testFields()" time="0"/>
  <testcase classname="LoginTest" name="test()" time="1.34"/>
  <testcase classname="searchCustomerTest" name="Search by Customer ID, valid ID" time="0.03"/>
  <testcase classname="searchCustomerTest" name="Search by Customer ID, SQLException" time="0.004"/>
  <testcase classname="ticketReportTest" name="Change price based on number of seats" time="0.021"/>
  <testcase classname="ticketTest" name="Retrieve list of flights from India to Uk" time="0.044"/>
  <testcase classname="userCreationTest" name="Just run - testing coverage" time="0"/>
  <testcase classname="AutoIDServiceTest" name="testAutoIDInvalid()" time="0"/>
</testsuite>